[2025-05-06 16:23:09] capital of farance
[2025-05-06 16:23:15] capital of pakistan
[2025-05-06 16:28:03] pm of pakistan
[2025-05-06 16:37:07] imran khan
[2025-05-06 16:39:26] hi
[2025-05-06 16:39:28] hi
[2025-05-06 16:39:30] hi
[2025-05-06 16:39:44] can you help me with my assignment?
[2025-05-06 16:40:20] hi
[2025-05-06 16:40:21] hi
[2025-05-06 16:40:22] hi
[2025-05-06 16:40:35] can you help me with my assignmnet
[2025-05-06 16:41:17] weather in usa
[2025-05-06 16:41:30] weather in lahore
[2025-05-06 16:44:17] weather in lahore
[2025-05-06 16:44:31] help me with my assignment
[2025-05-06 16:44:49] clear
[2025-05-06 16:48:51] us president
[2025-05-06 17:17:05] hi
[2025-05-06 17:17:23] csdcscacsac
[2025-05-06 17:22:39] hi
[2025-05-06 17:22:57] what is ai
[2025-05-06 17:26:50] what is ai
[2025-05-06 17:31:15] hello
